<?xml version="1.0" encoding="UTF-8"?>
<testsuite name="com.erval.argos.core.application.port.in.commands.DeviceCommandRecordsTest" tests="2" skipped="0" failures="0" errors="0" timestamp="2025-11-23T21:45:29.803Z" hostname="erval-FoxMain" time="0.003">
  <properties/>
  <testcase name="createDeviceCommandStoresFields()" classname="com.erval.argos.core.application.port.in.commands.DeviceCommandRecordsTest" time="0.001"/>
  <testcase name="updateDeviceCommandAllowsNulls()" classname="com.erval.argos.core.application.port.in.commands.DeviceCommandRecordsTest" time="0.001"/>
  <system-out><![CDATA[]]></system-out>
  <system-err><![CDATA[]]></system-err>
</testsuite>
