<?xml version="1.0" encoding="UTF-8"?>
<testsuite name="com.erval.argos.core.application.port.in.queries.MeasurementQueryUseCaseFilterTest" tests="2" skipped="0" failures="0" errors="0" timestamp="2025-11-23T20:30:25.070Z" hostname="erval-FoxMain" time="0.004">
  <properties/>
  <testcase name="storesFilterFields()" classname="com.erval.argos.core.application.port.in.queries.MeasurementQueryUseCaseFilterTest" time="0.003"/>
  <testcase name="allowsNulls()" classname="com.erval.argos.core.application.port.in.queries.MeasurementQueryUseCaseFilterTest" time="0.001"/>
  <system-out><![CDATA[]]></system-out>
  <system-err><![CDATA[]]></system-err>
</testsuite>
