<?xml version="1.0" encoding="UTF-8"?>
<testsuite name="com.erval.argos.core.application.PageResultTest" tests="2" skipped="0" failures="0" errors="0" timestamp="2025-11-23T20:30:25.032Z" hostname="erval-FoxMain" time="0.009">
  <properties/>
  <testcase name="calculatesTotalPagesWithRemainder()" classname="com.erval.argos.core.application.PageResultTest" time="0.006"/>
  <testcase name="returnsZeroPagesWhenSizeIsZero()" classname="com.erval.argos.core.application.PageResultTest" time="0.002"/>
  <system-out><![CDATA[]]></system-out>
  <system-err><![CDATA[]]></system-err>
</testsuite>
