<?xml version="1.0" encoding="UTF-8"?>
<testsuite name="com.erval.argos.core.application.PageResultTest" tests="2" skipped="0" failures="0" errors="0" timestamp="2025-11-23T20:35:54.866Z" hostname="erval-FoxMain" time="0.005">
  <properties/>
  <testcase name="calculatesTotalPagesWithRemainder()" classname="com.erval.argos.core.application.PageResultTest" time="0.004"/>
  <testcase name="returnsZeroPagesWhenSizeIsZero()" classname="com.erval.argos.core.application.PageResultTest" time="0.0"/>
  <system-out><![CDATA[]]></system-out>
  <system-err><![CDATA[]]></system-err>
</testsuite>
