<?xml version="1.0" encoding="UTF-8"?>
<testsuite name="com.erval.argos.core.application.port.in.commands.MeasurementCommandRecordTest" tests="1" skipped="0" failures="0" errors="0" timestamp="2025-11-23T20:30:25.054Z" hostname="erval-FoxMain" time="0.006">
  <properties/>
  <testcase name="createMeasurementCommandStoresFields()" classname="com.erval.argos.core.application.port.in.commands.MeasurementCommandRecordTest" time="0.006"/>
  <system-out><![CDATA[]]></system-out>
  <system-err><![CDATA[]]></system-err>
</testsuite>
