<?xml version="1.0" encoding="UTF-8"?>
<testsuite name="com.erval.argos.core.application.port.in.queries.DeviceQueryUseCaseFilterTest" tests="2" skipped="0" failures="0" errors="0" timestamp="2025-11-23T21:45:29.813Z" hostname="erval-FoxMain" time="0.002">
  <properties/>
  <testcase name="storesFilterFields()" classname="com.erval.argos.core.application.port.in.queries.DeviceQueryUseCaseFilterTest" time="0.001"/>
  <testcase name="allowsNulls()" classname="com.erval.argos.core.application.port.in.queries.DeviceQueryUseCaseFilterTest" time="0.0"/>
  <system-out><![CDATA[]]></system-out>
  <system-err><![CDATA[]]></system-err>
</testsuite>
