<?xml version="1.0" encoding="UTF-8"?>
<testsuite name="com.erval.argos.application.measurement.MeasurementServiceTest" tests="4" skipped="0" failures="0" errors="0" timestamp="2025-11-23T20:35:53.841Z" hostname="erval-FoxMain" time="0.011">
  <properties/>
  <testcase name="createMeasurementDefaultsTimestampWhenNull()" classname="com.erval.argos.application.measurement.MeasurementServiceTest" time="0.002"/>
  <testcase name="createMeasurementThrowsWhenDeviceMissing()" classname="com.erval.argos.application.measurement.MeasurementServiceTest" time="0.001"/>
  <testcase name="createMeasurementUsesProvidedTimestamp()" classname="com.erval.argos.application.measurement.MeasurementServiceTest" time="0.004"/>
  <testcase name="findMeasurementsDelegatesToRepository()" classname="com.erval.argos.application.measurement.MeasurementServiceTest" time="0.002"/>
  <system-out><![CDATA[]]></system-out>
  <system-err><![CDATA[]]></system-err>
</testsuite>
