<?xml version="1.0" encoding="UTF-8"?>
<testsuite name="com.erval.argos.application.device.DeviceServiceTest" tests="4" skipped="0" failures="0" errors="0" timestamp="2025-11-23T21:45:28.764Z" hostname="erval-FoxMain" time="0.035">
  <properties/>
  <testcase name="createDeviceGeneratesIdAndPersistsActiveDevice()" classname="com.erval.argos.application.device.DeviceServiceTest" time="0.026"/>
  <testcase name="findDevicesDelegatesToRepository()" classname="com.erval.argos.application.device.DeviceServiceTest" time="0.003"/>
  <testcase name="updateDeviceThrowsWhenMissing()" classname="com.erval.argos.application.device.DeviceServiceTest" time="0.002"/>
  <testcase name="updateDeviceMergesFieldsAndPersists()" classname="com.erval.argos.application.device.DeviceServiceTest" time="0.001"/>
  <system-out><![CDATA[]]></system-out>
  <system-err><![CDATA[]]></system-err>
</testsuite>
