<?xml version="1.0" encoding="UTF-8"?>
<testsuite name="com.erval.argos.mongo.BusinessScenarioIntegrationTest" tests="5" skipped="0" failures="0" errors="0" timestamp="2025-11-23T20:36:01.379Z" hostname="erval-FoxMain" time="0.848">
  <properties/>
  <testcase name="updateDeviceFailsWhenNotFound()" classname="com.erval.argos.mongo.BusinessScenarioIntegrationTest" time="0.658"/>
  <testcase name="deleteByDeviceIdRemovesAllMeasurements()" classname="com.erval.argos.mongo.BusinessScenarioIntegrationTest" time="0.12"/>
  <testcase name="duplicateDeviceNameThrowsDataIntegrityViolation()" classname="com.erval.argos.mongo.BusinessScenarioIntegrationTest" time="0.015"/>
  <testcase name="createMeasurementFailsWhenDeviceMissing()" classname="com.erval.argos.mongo.BusinessScenarioIntegrationTest" time="0.009"/>
  <testcase name="filtersAndSortsMeasurementsByTimestamp()" classname="com.erval.argos.mongo.BusinessScenarioIntegrationTest" time="0.042"/>
  <system-out><![CDATA[21:35:56.823 [Test worker] INFO org.springframework.boot.test.context.SpringBootTestContextBootstrapper -- Found @SpringBootConfiguration com.erval.argos.mongo.MongoRepositoryAdapterIntegrationTest$TestApp for test class com.erval.argos.mongo.BusinessScenarioIntegrationTest
21:35:56.984 [Test worker] INFO org.testcontainers.images.PullPolicy -- Image pull policy will be performed by: DefaultPullPolicy()
21:35:56.986 [Test worker] INFO org.testcontainers.utility.ImageNameSubstitutor -- Image name substitution will be performed by: DefaultImageNameSubstitutor (composite of 'ConfigurationFileImageNameSubstitutor' and 'PrefixingImageNameSubstitutor')
21:35:56.997 [Test worker] INFO org.testcontainers.DockerClientFactory -- Testcontainers version: 1.21.3
21:35:57.302 [Test worker] INFO org.testcontainers.dockerclient.DockerClientProviderStrategy -- Loaded org.testcontainers.dockerclient.UnixSocketClientProviderStrategy from ~/.testcontainers.properties, will try it first
21:35:57.554 [Test worker] INFO org.testcontainers.dockerclient.DockerClientProviderStrategy -- Found Docker environment with local Unix socket (unix:///var/run/docker.sock)
21:35:57.556 [Test worker] INFO org.testcontainers.DockerClientFactory -- Docker host IP address is localhost
21:35:57.570 [Test worker] INFO org.testcontainers.DockerClientFactory -- Connected to docker: 
  Server Version: 28.5.2
  API Version: 1.51
  Operating System: Arch Linux
  Total Memory: 32024 MB
21:35:57.599 [Test worker] INFO tc.testcontainers/ryuk:0.12.0 -- Creating container for image: testcontainers/ryuk:0.12.0
21:35:57.732 [Test worker] INFO tc.testcontainers/ryuk:0.12.0 -- Container testcontainers/ryuk:0.12.0 is starting: 13723577bf2366559f03ff55cba9b00e43c558e5c66da10c27dc7546abf923a6
21:35:57.992 [Test worker] INFO tc.testcontainers/ryuk:0.12.0 -- Container testcontainers/ryuk:0.12.0 started in PT0.393052481S
21:35:57.996 [Test worker] INFO org.testcontainers.utility.RyukResourceReaper -- Ryuk started - will monitor and terminate Testcontainers containers on JVM exit
21:35:57.996 [Test worker] INFO org.testcontainers.DockerClientFactory -- Checking the system...
21:35:57.997 [Test worker] INFO org.testcontainers.DockerClientFactory -- ✔︎ Docker server version should be at least 1.6.0
21:35:57.997 [Test worker] INFO tc.mongo:6.0.5 -- Creating container for image: mongo:6.0.5
21:35:58.057 [Test worker] INFO tc.mongo:6.0.5 -- Container mongo:6.0.5 is starting: d19aad28697c53322bf43d3bdd89be1bae47c5689f29c19d0d1edd46e9f261de
21:35:58.747 [Test worker] INFO tc.mongo:6.0.5 -- Container mongo:6.0.5 started in PT0.750118539S

  .   ____          _            __ _ _
 /\\ / ___'_ __ _ _(_)_ __  __ _ \ \ \ \
( ( )\___ | '_ | '_| | '_ \/ _` | \ \ \ \
 \\/  ___)| |_)| | | | | || (_| |  ) ) ) )
  '  |____| .__|_| |_|_| |_\__, | / / / /
 =========|_|==============|___/=/_/_/_/

 :: Spring Boot ::                (v4.0.0)

2025-11-23T21:36:00.363+01:00  INFO 167054 --- [    Test worker] c.e.a.m.BusinessScenarioIntegrationTest  : Starting BusinessScenarioIntegrationTest using Java 21.0.9 with PID 167054 (started by erval in /home/erval/projects/private/Argos/application/adapters/argos-mongo-adapter)
2025-11-23T21:36:00.364+01:00  INFO 167054 --- [    Test worker] c.e.a.m.BusinessScenarioIntegrationTest  : No active profile set, falling back to 1 default profile: "default"
2025-11-23T21:36:00.649+01:00  INFO 167054 --- [    Test worker] .s.d.r.c.RepositoryConfigurationDelegate : Bootstrapping Spring Data MongoDB repositories in DEFAULT mode.
2025-11-23T21:36:00.693+01:00  INFO 167054 --- [    Test worker] .s.d.r.c.RepositoryConfigurationDelegate : Finished Spring Data repository scanning in 36 ms. Found 2 MongoDB repository interfaces.
2025-11-23T21:36:01.033+01:00  INFO 167054 --- [    Test worker] org.mongodb.driver.client                : MongoClient with metadata {"driver": {"name": "mongo-java-driver|spring-boot|sync", "version": "5.6.1"}, "os": {"type": "Linux", "name": "Linux", "architecture": "amd64", "version": "6.17.8-zen1-1-zen"}, "platform": "Java/Arch Linux/21.0.9+10"} created with settings MongoClientSettings{readPreference=primary, writeConcern=WriteConcern{w=null, wTimeout=null ms, journal=null}, retryWrites=true, retryReads=true, readConcern=ReadConcern{level=null}, credential=null, transportSettings=null, commandListeners=[], codecRegistry=ProvidersCodecRegistry{codecProviders=[ValueCodecProvider{}, BsonValueCodecProvider{}, DBRefCodecProvider{}, DBObjectCodecProvider{}, DocumentCodecProvider{}, CollectionCodecProvider{}, IterableCodecProvider{}, MapCodecProvider{}, GeoJsonCodecProvider{}, GridFSFileCodecProvider{}, Jsr310CodecProvider{}, JsonObjectCodecProvider{}, BsonCodecProvider{}, com.mongodb.client.model.mql.ExpressionCodecProvider@49afa057, com.mongodb.Jep395RecordCodecProvider@78b5b2f9, com.mongodb.KotlinCodecProvider@3680cde9, EnumCodecProvider{}]}, loggerSettings=LoggerSettings{maxDocumentLength=1000}, clusterSettings={hosts=[localhost:27017], srvServiceName=mongodb, mode=SINGLE, requiredClusterType=UNKNOWN, requiredReplicaSetName='null', serverSelector='null', clusterListeners='[]', serverSelectionTimeout='30000 ms', localThreshold='15 ms'}, socketSettings=SocketSettings{connectTimeoutMS=10000, readTimeoutMS=0, receiveBufferSize=0, proxySettings=ProxySettings{host=null, port=null, username=null, password=null}}, heartbeatSocketSettings=SocketSettings{connectTimeoutMS=10000, readTimeoutMS=10000, receiveBufferSize=0, proxySettings=ProxySettings{host=null, port=null, username=null, password=null}}, connectionPoolSettings=ConnectionPoolSettings{maxSize=100, minSize=0, maxWaitTimeMS=120000, maxConnectionLifeTimeMS=0, maxConnectionIdleTimeMS=0, maintenanceInitialDelayMS=0, maintenanceFrequencyMS=60000, connectionPoolListeners=[], maxConnecting=2}, serverSettings=ServerSettings{heartbeatFrequencyMS=10000, minHeartbeatFrequencyMS=500, serverMonitoringMode=AUTO, serverListeners='[]', serverMonitorListeners='[]'}, sslSettings=SslSettings{enabled=false, invalidHostNameAllowed=false, context=null}, applicationName='null', compressorList=[], uuidRepresentation=UNSPECIFIED, serverApi=null, autoEncryptionSettings=null, dnsClient=null, inetAddressResolver=null, contextProvider=null, timeoutMS=null}
2025-11-23T21:36:01.044+01:00  INFO 167054 --- [localhost:27017] org.mongodb.driver.cluster               : Monitor thread successfully connected to server with description ServerDescription{address=localhost:27017, type=STANDALONE, cryptd=false, state=CONNECTED, ok=true, minWireVersion=0, maxWireVersion=25, maxDocumentSize=16777216, logicalSessionTimeoutMinutes=30, roundTripTimeNanos=29710228, minRoundTripTimeNanos=0}
2025-11-23T21:36:01.374+01:00  INFO 167054 --- [    Test worker] c.e.a.m.BusinessScenarioIntegrationTest  : Started BusinessScenarioIntegrationTest in 1.249 seconds (process running for 6.001)
]]></system-out>
  <system-err><![CDATA[Mockito is currently self-attaching to enable the inline-mock-maker. This will no longer work in future releases of the JDK. Please add Mockito as an agent to your build as described in Mockito's documentation: https://javadoc.io/doc/org.mockito/mockito-core/latest/org.mockito/org/mockito/Mockito.html#0.3
WARNING: A Java agent has been loaded dynamically (/home/erval/.gradle/caches/modules-2/files-2.1/net.bytebuddy/byte-buddy-agent/1.17.7/fbf3d6d649ed37fc9e9c59480a05be0a26e3c2da/byte-buddy-agent-1.17.7.jar)
WARNING: If a serviceability tool is in use, please run with -XX:+EnableDynamicAgentLoading to hide this warning
WARNING: If a serviceability tool is not in use, please run with -Djdk.instrument.traceUsage for more information
WARNING: Dynamic loading of agents will be disallowed by default in a future release
]]></system-err>
</testsuite>
