<?xml version="1.0" encoding="UTF-8"?>
<testsuite name="com.erval.argos.mongo.MongoRepositoryAdapterIntegrationTest" tests="11" skipped="0" failures="0" errors="0" timestamp="2025-11-23T21:59:20.132Z" hostname="erval-FoxMain" time="0.19">
  <properties/>
  <testcase name="filtersMeasurementsByDeviceAndType()" classname="com.erval.argos.mongo.MongoRepositoryAdapterIntegrationTest" time="0.03"/>
  <testcase name="deletesMeasurementsByDeviceId()" classname="com.erval.argos.mongo.MongoRepositoryAdapterIntegrationTest" time="0.019"/>
  <testcase name="filtersDevicesByBuildingAndActive()" classname="com.erval.argos.mongo.MongoRepositoryAdapterIntegrationTest" time="0.018"/>
  <testcase name="updatesDeviceFields()" classname="com.erval.argos.mongo.MongoRepositoryAdapterIntegrationTest" time="0.019"/>
  <testcase name="deletesMeasurementById()" classname="com.erval.argos.mongo.MongoRepositoryAdapterIntegrationTest" time="0.013"/>
  <testcase name="savesAndFindsDeviceById()" classname="com.erval.argos.mongo.MongoRepositoryAdapterIntegrationTest" time="0.013"/>
  <testcase name="savesAndFindsMeasurementById()" classname="com.erval.argos.mongo.MongoRepositoryAdapterIntegrationTest" time="0.011"/>
  <testcase name="paginatesMeasurementsWithDefaultSort()" classname="com.erval.argos.mongo.MongoRepositoryAdapterIntegrationTest" time="0.016"/>
  <testcase name="filtersMeasurementsByTimeWindow()" classname="com.erval.argos.mongo.MongoRepositoryAdapterIntegrationTest" time="0.015"/>
  <testcase name="deletesDeviceById()" classname="com.erval.argos.mongo.MongoRepositoryAdapterIntegrationTest" time="0.014"/>
  <testcase name="paginatesDevicesWithDefaultSort()" classname="com.erval.argos.mongo.MongoRepositoryAdapterIntegrationTest" time="0.013"/>
  <system-out><![CDATA[2025-11-23T22:59:18.008+01:00  INFO 195048 --- [    Test worker] tc.mongo:6.0.5                           : Creating container for image: mongo:6.0.5
2025-11-23T22:59:18.073+01:00  INFO 195048 --- [    Test worker] tc.mongo:6.0.5                           : Container mongo:6.0.5 is starting: 60792417dd93d26dfef54cf91f8dfc2d7d3d2fd9489b4aa8e62169459c83755b
2025-11-23T22:59:18.755+01:00  INFO 195048 --- [    Test worker] tc.mongo:6.0.5                           : Container mongo:6.0.5 started in PT0.747351855S

  .   ____          _            __ _ _
 /\\ / ___'_ __ _ _(_)_ __  __ _ \ \ \ \
( ( )\___ | '_ | '_| | '_ \/ _` | \ \ \ \
 \\/  ___)| |_)| | | | | || (_| |  ) ) ) )
  '  |____| .__|_| |_|_| |_\__, | / / / /
 =========|_|==============|___/=/_/_/_/

 :: Spring Boot ::                (v4.0.0)

2025-11-23T22:59:19.998+01:00  INFO 195048 --- [    Test worker] .m.MongoRepositoryAdapterIntegrationTest : Starting MongoRepositoryAdapterIntegrationTest using Java 21.0.9 with PID 195048 (started by erval in /home/erval/projects/private/Argos/application/adapters/argos-mongo-adapter)
2025-11-23T22:59:19.999+01:00  INFO 195048 --- [    Test worker] .m.MongoRepositoryAdapterIntegrationTest : No active profile set, falling back to 1 default profile: "default"
2025-11-23T22:59:20.052+01:00  INFO 195048 --- [    Test worker] .s.d.r.c.RepositoryConfigurationDelegate : Bootstrapping Spring Data MongoDB repositories in DEFAULT mode.
2025-11-23T22:59:20.058+01:00  INFO 195048 --- [    Test worker] .s.d.r.c.RepositoryConfigurationDelegate : Finished Spring Data repository scanning in 4 ms. Found 2 MongoDB repository interfaces.
2025-11-23T22:59:20.082+01:00  INFO 195048 --- [    Test worker] org.mongodb.driver.client                : MongoClient with metadata {"driver": {"name": "mongo-java-driver|spring-boot|sync", "version": "5.6.1"}, "os": {"type": "Linux", "name": "Linux", "architecture": "amd64", "version": "6.17.8-zen1-1-zen"}, "platform": "Java/Arch Linux/21.0.9+10"} created with settings MongoClientSettings{readPreference=primary, writeConcern=WriteConcern{w=null, wTimeout=null ms, journal=null}, retryWrites=true, retryReads=true, readConcern=ReadConcern{level=null}, credential=null, transportSettings=null, commandListeners=[], codecRegistry=ProvidersCodecRegistry{codecProviders=[ValueCodecProvider{}, BsonValueCodecProvider{}, DBRefCodecProvider{}, DBObjectCodecProvider{}, DocumentCodecProvider{}, CollectionCodecProvider{}, IterableCodecProvider{}, MapCodecProvider{}, GeoJsonCodecProvider{}, GridFSFileCodecProvider{}, Jsr310CodecProvider{}, JsonObjectCodecProvider{}, BsonCodecProvider{}, com.mongodb.client.model.mql.ExpressionCodecProvider@5c1d1aa6, com.mongodb.Jep395RecordCodecProvider@6804a46a, com.mongodb.KotlinCodecProvider@3df3e1e9, EnumCodecProvider{}]}, loggerSettings=LoggerSettings{maxDocumentLength=1000}, clusterSettings={hosts=[localhost:27017], srvServiceName=mongodb, mode=SINGLE, requiredClusterType=UNKNOWN, requiredReplicaSetName='null', serverSelector='null', clusterListeners='[]', serverSelectionTimeout='30000 ms', localThreshold='15 ms'}, socketSettings=SocketSettings{connectTimeoutMS=10000, readTimeoutMS=0, receiveBufferSize=0, proxySettings=ProxySettings{host=null, port=null, username=null, password=null}}, heartbeatSocketSettings=SocketSettings{connectTimeoutMS=10000, readTimeoutMS=10000, receiveBufferSize=0, proxySettings=ProxySettings{host=null, port=null, username=null, password=null}}, connectionPoolSettings=ConnectionPoolSettings{maxSize=100, minSize=0, maxWaitTimeMS=120000, maxConnectionLifeTimeMS=0, maxConnectionIdleTimeMS=0, maintenanceInitialDelayMS=0, maintenanceFrequencyMS=60000, connectionPoolListeners=[], maxConnecting=2}, serverSettings=ServerSettings{heartbeatFrequencyMS=10000, minHeartbeatFrequencyMS=500, serverMonitoringMode=AUTO, serverListeners='[]', serverMonitorListeners='[]'}, sslSettings=SslSettings{enabled=false, invalidHostNameAllowed=false, context=null}, applicationName='null', compressorList=[], uuidRepresentation=UNSPECIFIED, serverApi=null, autoEncryptionSettings=null, dnsClient=null, inetAddressResolver=null, contextProvider=null, timeoutMS=null}
2025-11-23T22:59:20.084+01:00  INFO 195048 --- [localhost:27017] org.mongodb.driver.cluster               : Monitor thread successfully connected to server with description ServerDescription{address=localhost:27017, type=STANDALONE, cryptd=false, state=CONNECTED, ok=true, minWireVersion=0, maxWireVersion=25, maxDocumentSize=16777216, logicalSessionTimeoutMinutes=30, roundTripTimeNanos=815758, minRoundTripTimeNanos=0}
2025-11-23T22:59:20.130+01:00  INFO 195048 --- [    Test worker] .m.MongoRepositoryAdapterIntegrationTest : Started MongoRepositoryAdapterIntegrationTest in 0.158 seconds (process running for 9.269)
]]></system-out>
  <system-err><![CDATA[]]></system-err>
</testsuite>
