<?xml version="1.0" encoding="UTF-8" standalone="yes"?><!DOCTYPE report PUBLIC "-//JACOCO//DTD Report 1.1//EN" "report.dtd"><report name="argos-application"><sessioninfo id="erval-FoxMain-a9b4aad9" start="1763934327946" dump="1763934328819"/><package name="com/erval/argos/application/device"><class name="com/erval/argos/application/device/DeviceService" sourcefilename="DeviceService.java"><method name="&lt;init&gt;" desc="(Lcom/erval/argos/core/application/port/out/DeviceRepositoryPort;)V" line="24"><counter type="INSTRUCTION" missed="0" covered="6"/><counter type="LINE" missed="0" covered="1"/><counter type="COMPLEXITY" missed="0" covered="1"/><counter type="METHOD" missed="0" covered="1"/></method><method name="createDevice" desc="(Lcom/erval/argos/core/application/port/in/commands/DeviceCommandUseCase$CreateDeviceCommand;)Lcom/erval/argos/core/domain/device/Device;" line="40"><counter type="INSTRUCTION" missed="0" covered="23"/><counter type="LINE" missed="0" covered="7"/><counter type="COMPLEXITY" missed="0" covered="1"/><counter type="METHOD" missed="0" covered="1"/></method><method name="deleteDevice" desc="(Ljava/lang/String;)V" line="65"><counter type="INSTRUCTION" missed="5" covered="0"/><counter type="LINE" missed="2" covered="0"/><counter type="COMPLEXITY" missed="1" covered="0"/><counter type="METHOD" missed="1" covered="0"/></method><method name="updateDevice" desc="(Ljava/lang/String;Lcom/erval/argos/core/application/port/in/commands/DeviceCommandUseCase$UpdateDeviceCommand;)Lcom/erval/argos/core/domain/device/Device;" line="85"><counter type="INSTRUCTION" missed="12" covered="61"/><counter type="BRANCH" missed="5" covered="5"/><counter type="LINE" missed="0" covered="10"/><counter type="COMPLEXITY" missed="5" covered="1"/><counter type="METHOD" missed="0" covered="1"/></method><method name="findDevices" desc="(Lcom/erval/argos/core/application/port/in/queries/DeviceQueryUseCase$DeviceFilter;Lcom/erval/argos/core/application/PageRequest;)Lcom/erval/argos/core/application/PageResult;" line="121"><counter type="INSTRUCTION" missed="0" covered="6"/><counter type="LINE" missed="0" covered="1"/><counter type="COMPLEXITY" missed="0" covered="1"/><counter type="METHOD" missed="0" covered="1"/></method><method name="lambda$updateDevice$0" desc="(Ljava/lang/String;)Ljava/lang/IllegalArgumentException;" line="85"><counter type="INSTRUCTION" missed="0" covered="6"/><counter type="LINE" missed="0" covered="1"/><counter type="COMPLEXITY" missed="0" covered="1"/><counter type="METHOD" missed="0" covered="1"/></method><counter type="INSTRUCTION" missed="17" covered="102"/><counter type="BRANCH" missed="5" covered="5"/><counter type="LINE" missed="2" covered="19"/><counter type="COMPLEXITY" missed="6" covered="5"/><counter type="METHOD" missed="1" covered="5"/><counter type="CLASS" missed="0" covered="1"/></class><sourcefile name="DeviceService.java"><line nr="24" mi="0" ci="6" mb="0" cb="0"/><line nr="40" mi="0" ci="3" mb="0" cb="0"/><line nr="42" mi="0" ci="4" mb="0" cb="0"/><line nr="44" mi="0" ci="2" mb="0" cb="0"/><line nr="45" mi="0" ci="2" mb="0" cb="0"/><line nr="46" mi="0" ci="2" mb="0" cb="0"/><line nr="47" mi="0" ci="5" mb="0" cb="0"/><line nr="51" mi="0" ci="5" mb="0" cb="0"/><line nr="65" mi="4" ci="0" mb="0" cb="0"/><line nr="66" mi="1" ci="0" mb="0" cb="0"/><line nr="85" mi="0" ci="15" mb="0" cb="0"/><line nr="87" mi="2" ci="7" mb="1" cb="1"/><line nr="88" mi="3" ci="6" mb="1" cb="1"/><line nr="89" mi="3" ci="6" mb="1" cb="1"/><line nr="90" mi="2" ci="7" mb="1" cb="1"/><line nr="91" mi="2" ci="8" mb="1" cb="1"/><line nr="93" mi="0" ci="3" mb="0" cb="0"/><line nr="94" mi="0" ci="7" mb="0" cb="0"/><line nr="100" mi="0" ci="3" mb="0" cb="0"/><line nr="102" mi="0" ci="5" mb="0" cb="0"/><line nr="121" mi="0" ci="6" mb="0" cb="0"/><counter type="INSTRUCTION" missed="17" covered="102"/><counter type="BRANCH" missed="5" covered="5"/><counter type="LINE" missed="2" covered="19"/><counter type="COMPLEXITY" missed="6" covered="5"/><counter type="METHOD" missed="1" covered="5"/><counter type="CLASS" missed="0" covered="1"/></sourcefile><counter type="INSTRUCTION" missed="17" covered="102"/><counter type="BRANCH" missed="5" covered="5"/><counter type="LINE" missed="2" covered="19"/><counter type="COMPLEXITY" missed="6" covered="5"/><counter type="METHOD" missed="1" covered="5"/><counter type="CLASS" missed="0" covered="1"/></package><package name="com/erval/argos/application/measurement"><class name="com/erval/argos/application/measurement/MeasurementService" sourcefilename="MeasurementService.java"><method name="&lt;init&gt;" desc="(Lcom/erval/argos/core/application/port/out/MeasurementRepositoryPort;Lcom/erval/argos/core/application/port/out/DeviceRepositoryPort;)V" line="23"><counter type="INSTRUCTION" missed="0" covered="9"/><counter type="LINE" missed="0" covered="1"/><counter type="COMPLEXITY" missed="0" covered="1"/><counter type="METHOD" missed="0" covered="1"/></method><method name="createMeasurement" desc="(Lcom/erval/argos/core/application/port/in/commands/MeasurementCommandUseCase$CreateMeasurementCommand;)Lcom/erval/argos/core/domain/measurement/Measurement;" line="40"><counter type="INSTRUCTION" missed="0" covered="36"/><counter type="BRANCH" missed="0" covered="2"/><counter type="LINE" missed="0" covered="10"/><counter type="COMPLEXITY" missed="0" covered="2"/><counter type="METHOD" missed="0" covered="1"/></method><method name="deleteMeasurement" desc="(Ljava/lang/String;)V" line="66"><counter type="INSTRUCTION" missed="0" covered="5"/><counter type="LINE" missed="0" covered="2"/><counter type="COMPLEXITY" missed="0" covered="1"/><counter type="METHOD" missed="0" covered="1"/></method><method name="findMeasurements" desc="(Lcom/erval/argos/core/application/port/in/queries/MeasurementQueryUseCase$MeasurementFilter;Lcom/erval/argos/core/application/PageRequest;)Lcom/erval/argos/core/application/PageResult;" line="85"><counter type="INSTRUCTION" missed="0" covered="6"/><counter type="LINE" missed="0" covered="1"/><counter type="COMPLEXITY" missed="0" covered="1"/><counter type="METHOD" missed="0" covered="1"/></method><method name="lambda$createMeasurement$0" desc="(Lcom/erval/argos/core/application/port/in/commands/MeasurementCommandUseCase$CreateMeasurementCommand;)Ljava/lang/IllegalArgumentException;" line="41"><counter type="INSTRUCTION" missed="0" covered="7"/><counter type="LINE" missed="0" covered="1"/><counter type="COMPLEXITY" missed="0" covered="1"/><counter type="METHOD" missed="0" covered="1"/></method><counter type="INSTRUCTION" missed="0" covered="63"/><counter type="BRANCH" missed="0" covered="2"/><counter type="LINE" missed="0" covered="14"/><counter type="COMPLEXITY" missed="0" covered="6"/><counter type="METHOD" missed="0" covered="5"/><counter type="CLASS" missed="0" covered="1"/></class><sourcefile name="MeasurementService.java"><line nr="23" mi="0" ci="9" mb="0" cb="0"/><line nr="40" mi="0" ci="7" mb="0" cb="0"/><line nr="41" mi="0" ci="9" mb="0" cb="0"/><line nr="43" mi="0" ci="3" mb="0" cb="2"/><line nr="44" mi="0" ci="3" mb="0" cb="0"/><line nr="45" mi="0" ci="2" mb="0" cb="0"/><line nr="47" mi="0" ci="4" mb="0" cb="0"/><line nr="49" mi="0" ci="2" mb="0" cb="0"/><line nr="50" mi="0" ci="2" mb="0" cb="0"/><line nr="51" mi="0" ci="6" mb="0" cb="0"/><line nr="56" mi="0" ci="5" mb="0" cb="0"/><line nr="66" mi="0" ci="4" mb="0" cb="0"/><line nr="67" mi="0" ci="1" mb="0" cb="0"/><line nr="85" mi="0" ci="6" mb="0" cb="0"/><counter type="INSTRUCTION" missed="0" covered="63"/><counter type="BRANCH" missed="0" covered="2"/><counter type="LINE" missed="0" covered="14"/><counter type="COMPLEXITY" missed="0" covered="6"/><counter type="METHOD" missed="0" covered="5"/><counter type="CLASS" missed="0" covered="1"/></sourcefile><counter type="INSTRUCTION" missed="0" covered="63"/><counter type="BRANCH" missed="0" covered="2"/><counter type="LINE" missed="0" covered="14"/><counter type="COMPLEXITY" missed="0" covered="6"/><counter type="METHOD" missed="0" covered="5"/><counter type="CLASS" missed="0" covered="1"/></package><counter type="INSTRUCTION" missed="17" covered="165"/><counter type="BRANCH" missed="5" covered="7"/><counter type="LINE" missed="2" covered="33"/><counter type="COMPLEXITY" missed="6" covered="11"/><counter type="METHOD" missed="1" covered="10"/><counter type="CLASS" missed="0" covered="2"/></report>